<?xml version="1.0" encoding="UTF-8"?>
<!-- Generated by org.testng.reporters.JUnitReportReporter -->
<testsuite name="p.Q.A" tests="1" time="0.019" ignored="0" failures="0" timestamp="27 Apr 2020 11:13:07 GMT" skipped="0" hostname="sys" errors="0">
  <testcase name="AA" time="0.019" classname="p.Q.A"/>
</testsuite> <!-- p.Q.A -->
