<?xml version="1.0" encoding="UTF-8"?>
<!-- Generated by org.testng.reporters.JUnitReportReporter -->
<testsuite skipped="0" hostname="sys" name="p.Q.A" tests="1" failures="0" timestamp="2020-05-07T18:59:58 IST" time="0.012" errors="0">
  <testcase name="AA" time="0.012" classname="p.Q.A"/>
</testsuite> <!-- p.Q.A -->
